<?xml version="1.0" encoding="UTF-8"?>
<!-- Generated by org.testng.reporters.JUnitReportReporter -->
<testsuite hostname="E0500743" failures="0" tests="3" name="RestAPI.RestAPIsTests" time="4.337" errors="0" timestamp="2022-05-01T00:01:04 EET" skipped="0">
  <testcase classname="RestAPI.RestAPIsTests" name="checkNotFound" time="3.009"/>
  <system-out/>
  <testcase classname="RestAPI.RestAPIsTests" name="checkValidContent" time="0.747"/>
  <system-out/>
  <testcase classname="RestAPI.RestAPIsTests" name="checkNoContent" time="0.581"/>
  <system-out/>
</testsuite> <!-- RestAPI.RestAPIsTests -->
