<?xml version="1.0" encoding="UTF-8"?>
<!-- Generated by org.testng.reporters.JUnitReportReporter -->
<testsuite hostname="E0500743" failures="0" tests="1" name="UI_Tests.FormTests" time="9.714" errors="0" timestamp="2022-05-01T00:01:04 EET" skipped="0">
  <testcase classname="UI_Tests.FormTests" name="test_form_page" time="9.714"/>
  <system-out/>
</testsuite> <!-- UI_Tests.FormTests -->
